{"name":"LoginDemo","hostname":"Jon-macbook.local","pid":71695,"level":30,"msg":"验证码正确 { email: 'example@qq.com', status: 200, success: true }","time":"2017-08-01T07:16:08.975Z","v":0}
{"name":"LoginDemo","hostname":"Jon-macbook.local","pid":72041,"level":30,"msg":"验证码正确 { email: 'example@qq.com', status: 200, success: true }","time":"2017-08-01T07:19:05.296Z","v":0}
{"name":"LoginDemo","hostname":"Jon-macbook.local","pid":72041,"level":30,"msg":"发送验证码成功 { email: 'example@qq.com', status: 200, success: true }","time":"2017-08-01T07:19:11.566Z","v":0}
{"name":"LoginDemo","hostname":"Jon-macbook.local","pid":76019,"level":30,"msg":"发送验证码成功 { email: 'example@qq.com', status: 200, success: true }","time":"2017-08-01T14:37:41.389Z","v":0}
{"name":"LoginDemo","hostname":"Jon-macbook.local","pid":76330,"level":30,"msg":"验证码错误或过期 { email: 'example@qq.com', status: 206, success: false }","time":"2017-08-01T14:38:51.947Z","v":0}
{"name":"LoginDemo","hostname":"Jon-macbook.local","pid":76330,"level":30,"msg":"验证码正确 { email: 'example@qq.com', status: 200, success: true }","time":"2017-08-01T14:39:05.733Z","v":0}
{"name":"LoginDemo","hostname":"Jon-macbook.local","pid":76330,"level":30,"msg":"用户未激活 { email: 'example@qq.com', status: 406, success: false }","time":"2017-08-01T14:39:15.169Z","v":0}
{"name":"LoginDemo","hostname":"Jon-macbook.local","pid":76330,"level":30,"msg":"用户未激活 { email: 'example@qq.com', status: 406, success: false }","time":"2017-08-01T14:39:29.017Z","v":0}
{"name":"LoginDemo","hostname":"Jon-macbook.local","pid":76387,"level":30,"msg":"验证码正确 { email: 'example@qq.com', status: 200, success: true }","time":"2017-08-01T14:40:27.874Z","v":0}
{"name":"LoginDemo","hostname":"Jon-macbook.local","pid":76387,"level":30,"msg":"用户未激活 { email: 'example@qq.com', status: 406, success: false }","time":"2017-08-01T14:40:59.651Z","v":0}
{"name":"LoginDemo","hostname":"Jon-macbook.local","pid":76716,"level":30,"msg":"验证码正确 { email: 'example@qq.com', status: 200, success: true }","time":"2017-08-01T14:43:26.222Z","v":0}
{"name":"LoginDemo","hostname":"Jon-macbook.local","pid":76716,"level":30,"msg":"验证码正确 { email: 'example@qq.com', status: 200, success: true }","time":"2017-08-01T14:44:19.212Z","v":0}
{"name":"LoginDemo","hostname":"Jon-macbook.local","pid":76766,"level":30,"msg":"成功创建新用户 { email: 'example@qq.com', status: 201, success: true }","time":"2017-08-01T14:45:49.413Z","v":0}
{"name":"LoginDemo","hostname":"Jon-macbook.local","pid":76766,"level":30,"msg":"验证码错误或过期 { email: 'example@qq.com', status: 206, success: false }","time":"2017-08-01T14:47:04.692Z","v":0}
{"name":"LoginDemo","hostname":"Jon-macbook.local","pid":76766,"level":30,"msg":"验证码正确 { email: 'example@qq.com', status: 200, success: true }","time":"2017-08-01T14:47:12.607Z","v":0}
{"name":"LoginDemo","hostname":"Jon-macbook.local","pid":76766,"level":30,"msg":"发送验证码成功 { email: 'example@qq.com', status: 200, success: true }","time":"2017-08-01T14:48:44.745Z","v":0}
{"name":"LoginDemo","hostname":"Jon-macbook.local","pid":76766,"level":30,"msg":"验证码错误或过期 { email: 'example@qq.com', status: 206, success: false }","time":"2017-08-01T14:49:09.162Z","v":0}
{"name":"LoginDemo","hostname":"Jon-macbook.local","pid":77771,"level":30,"msg":"验证码错误或过期 { email: 'example@qq.com', status: 206, success: false }","time":"2017-08-01T14:52:48.525Z","v":0}
{"name":"LoginDemo","hostname":"Jon-macbook.local","pid":77771,"level":30,"msg":"验证码正确 { email: 'example@qq.com', status: 200, success: true }","time":"2017-08-01T14:52:53.883Z","v":0}
{"name":"LoginDemo","hostname":"Jon-macbook.local","pid":77771,"level":30,"msg":"验证码正确 { email: 'example@qq.com', status: 200, success: true }","time":"2017-08-01T14:53:23.415Z","v":0}
{"name":"LoginDemo","hostname":"Jon-macbook.local","pid":77867,"level":30,"msg":"验证码正确 { email: 'example@qq.com', status: 200, success: true }","time":"2017-08-01T14:56:41.357Z","v":0}
{"name":"LoginDemo","hostname":"Jon-macbook.local","pid":77952,"level":30,"msg":"验证码正确 { email: 'example@qq.com', status: 200, success: true }","time":"2017-08-01T15:00:50.754Z","v":0}
{"name":"LoginDemo","hostname":"Jon-macbook.local","pid":77994,"level":30,"msg":"密码正确 { email: 'example@qq.com', status: 200, success: true }","time":"2017-08-01T15:01:37.749Z","v":0}
{"name":"LoginDemo","hostname":"Jon-macbook.local","pid":78083,"level":30,"msg":"验证码正确 { email: 'example@qq.com', status: 200, success: true }","time":"2017-08-01T15:04:24.776Z","v":0}
